# JRE version: OpenJDK Runtime Environment (11.0.10) (build 11.0.10+0-b96-7249189)
# Java VM: OpenJDK 64-Bit Server VM (11.0.10+0-b96-7249189, mixed mode, tiered, compressed oops, g1 gc, windows-amd64)
Heap:
 garbage-first heap   total 187392K, used 126535K [0x0000000080000000, 0x0000000100000000)
  region size 1024K, 18 young (18432K), 4 survivors (4096K)
 Metaspace       used 119970K, capacity 123322K, committed 123520K, reserved 1157120K
  class space    used 15208K, capacity 16427K, committed 16512K, reserved 1048576K
GC Heap History (20 events):
Event: 32.761 GC heap before
{Heap before GC invocations=34 (full 0):
 garbage-first heap   total 155648K, used 125468K [0x0000000080000000, 0x0000000100000000)
  region size 1024K, 35 young (35840K), 5 survivors (5120K)
 Metaspace       used 101349K, capacity 103733K, committed 104064K, reserved 1140736K
  class space    used 12752K, capacity 13604K, committed 13696K, reserved 1048576K
}
Event: 32.770 GC heap after
{Heap after GC invocations=35 (full 0):
 garbage-first heap   total 155648K, used 97532K [0x0000000080000000, 0x0000000100000000)
  region size 1024K, 3 young (3072K), 3 survivors (3072K)
 Metaspace       used 101349K, capacity 103733K, committed 104064K, reserved 1140736K
  class space    used 12752K, capacity 13604K, committed 13696K, reserved 1048576K
}
Event: 33.200 GC heap before
{Heap before GC invocations=35 (full 0):
 garbage-first heap   total 155648K, used 128252K [0x0000000080000000, 0x0000000100000000)
  region size 1024K, 32 young (32768K), 3 survivors (3072K)
 Metaspace       used 103345K, capacity 105730K, committed 105856K, reserved 1140736K
  class space    used 13016K, capacity 13873K, committed 13952K, reserved 1048576K
}
Event: 33.205 GC heap after
{Heap after GC invocations=36 (full 0):
 garbage-first heap   total 155648K, used 100445K [0x0000000080000000, 0x0000000100000000)
  region size 1024K, 3 young (3072K), 3 survivors (3072K)
 Metaspace       used 103345K, capacity 105730K, committed 105856K, reserved 1140736K
  class space    used 13016K, capacity 13873K, committed 13952K, reserved 1048576K
}
Event: 33.484 GC heap before
{Heap before GC invocations=36 (full 0):
 garbage-first heap   total 155648K, used 127069K [0x0000000080000000, 0x0000000100000000)
  region size 1024K, 30 young (30720K), 3 survivors (3072K)
 Metaspace       used 106277K, capacity 108819K, committed 108928K, reserved 1144832K
  class space    used 13461K, capacity 14404K, committed 14464K, reserved 1048576K
}
Event: 33.494 GC heap after
{Heap after GC invocations=37 (full 0):
 garbage-first heap   total 155648K, used 107584K [0x0000000080000000, 0x0000000100000000)
  region size 1024K, 4 young (4096K), 4 survivors (4096K)
 Metaspace       used 106277K, capacity 108819K, committed 108928K, reserved 1144832K
  class space    used 13461K, capacity 14404K, committed 14464K, reserved 1048576K
}
Event: 33.765 GC heap before
{Heap before GC invocations=37 (full 0):
 garbage-first heap   total 155648K, used 127040K [0x0000000080000000, 0x0000000100000000)
  region size 1024K, 24 young (24576K), 4 survivors (4096K)
 Metaspace       used 109952K, capacity 112811K, committed 113024K, reserved 1146880K
  class space    used 14095K, capacity 15187K, committed 15232K, reserved 1048576K
}
Event: 33.773 GC heap after
{Heap after GC invocations=38 (full 0):
 garbage-first heap   total 155648K, used 110572K [0x0000000080000000, 0x0000000100000000)
  region size 1024K, 3 young (3072K), 3 survivors (3072K)
 Metaspace       used 109952K, capacity 112811K, committed 113024K, reserved 1146880K
  class space    used 14095K, capacity 15187K, committed 15232K, reserved 1048576K
}
Event: 33.912 GC heap before
{Heap before GC invocations=38 (full 0):
 garbage-first heap   total 155648K, used 127980K [0x0000000080000000, 0x0000000100000000)
  region size 1024K, 21 young (21504K), 3 survivors (3072K)
 Metaspace       used 110862K, capacity 113818K, committed 113920K, reserved 1148928K
  class space    used 14222K, capacity 15306K, committed 15360K, reserved 1048576K
}
Event: 33.919 GC heap after
{Heap after GC invocations=39 (full 0):
 garbage-first heap   total 187392K, used 112249K [0x0000000080000000, 0x0000000100000000)
  region size 1024K, 2 young (2048K), 2 survivors (2048K)
 Metaspace       used 110862K, capacity 113818K, committed 113920K, reserved 1148928K
  class space    used 14222K, capacity 15306K, committed 15360K, reserved 1048576K
}
Event: 34.096 GC heap before
{Heap before GC invocations=39 (full 0):
 garbage-first heap   total 187392K, used 143993K [0x0000000080000000, 0x0000000100000000)
  region size 1024K, 33 young (33792K), 2 survivors (2048K)
 Metaspace       used 112126K, capacity 115131K, committed 115200K, reserved 1148928K
  class space    used 14443K, capacity 15595K, committed 15616K, reserved 1048576K
}
Event: 34.102 GC heap after
{Heap after GC invocations=40 (full 0):
 garbage-first heap   total 187392K, used 113107K [0x0000000080000000, 0x0000000100000000)
  region size 1024K, 3 young (3072K), 3 survivors (3072K)
 Metaspace       used 112126K, capacity 115131K, committed 115200K, reserved 1148928K
  class space    used 14443K, capacity 15595K, committed 15616K, reserved 1048576K
}
Event: 34.289 GC heap before
{Heap before GC invocations=40 (full 0):
 garbage-first heap   total 187392K, used 145875K [0x0000000080000000, 0x0000000100000000)
  region size 1024K, 37 young (37888K), 3 survivors (3072K)
 Metaspace       used 112868K, capacity 115970K, committed 116096K, reserved 1148928K
  class space    used 14520K, capacity 15698K, committed 15744K, reserved 1048576K
}
Event: 34.295 GC heap after
{Heap after GC invocations=41 (full 0):
 garbage-first heap   total 187392K, used 113206K [0x0000000080000000, 0x0000000100000000)
  region size 1024K, 3 young (3072K), 3 survivors (3072K)
 Metaspace       used 112868K, capacity 115970K, committed 116096K, reserved 1148928K
  class space    used 14520K, capacity 15698K, committed 15744K, reserved 1048576K
}
Event: 34.701 GC heap before
{Heap before GC invocations=41 (full 0):
 garbage-first heap   total 187392K, used 149046K [0x0000000080000000, 0x0000000100000000)
  region size 1024K, 37 young (37888K), 3 survivors (3072K)
 Metaspace       used 113619K, capacity 116665K, committed 116864K, reserved 1150976K
  class space    used 14545K, capacity 15702K, committed 15744K, reserved 1048576K
}
Event: 34.707 GC heap after
{Heap after GC invocations=42 (full 0):
 garbage-first heap   total 187392K, used 112433K [0x0000000080000000, 0x0000000100000000)
  region size 1024K, 2 young (2048K), 2 survivors (2048K)
 Metaspace       used 113619K, capacity 116665K, committed 116864K, reserved 1150976K
  class space    used 14545K, capacity 15702K, committed 15744K, reserved 1048576K
}
Event: 35.290 GC heap before
{Heap before GC invocations=42 (full 0):
 garbage-first heap   total 187392K, used 149297K [0x0000000080000000, 0x0000000100000000)
  region size 1024K, 38 young (38912K), 2 survivors (2048K)
 Metaspace       used 115787K, capacity 119060K, committed 119296K, reserved 1153024K
  class space    used 14874K, capacity 16104K, committed 16128K, reserved 1048576K
}
Event: 35.296 GC heap after
{Heap after GC invocations=43 (full 0):
 garbage-first heap   total 187392K, used 112630K [0x0000000080000000, 0x0000000100000000)
  region size 1024K, 2 young (2048K), 2 survivors (2048K)
 Metaspace       used 115787K, capacity 119060K, committed 119296K, reserved 1153024K
  class space    used 14874K, capacity 16104K, committed 16128K, reserved 1048576K
}
Event: 109.395 GC heap before
{Heap before GC invocations=43 (full 0):
 garbage-first heap   total 187392K, used 157686K [0x0000000080000000, 0x0000000100000000)
  region size 1024K, 40 young (40960K), 2 survivors (2048K)
 Metaspace       used 119614K, capacity 122804K, committed 123008K, reserved 1155072K
  class space    used 15202K, capacity 16415K, committed 16512K, reserved 1048576K
}
Event: 109.402 GC heap after
{Heap after GC invocations=44 (full 0):
 garbage-first heap   total 187392K, used 114247K [0x0000000080000000, 0x0000000100000000)
  region size 1024K, 4 young (4096K), 4 survivors (4096K)
 Metaspace       used 119614K, capacity 122804K, committed 123008K, reserved 1155072K
  class space    used 15202K, capacity 16415K, committed 16512K, reserved 1048576K
}

